生成启动时间为 2020/5/13 10:21:52。
     1>项目“D:\VS2019\Projects\maskdetect_caffe\maskdetect_caffe\maskdetect_caffe.vcxproj”在节点 2 上(Build 个目标)。
     1>ClCompile:
         D:\VS2013\VC\bin\x86_amd64\CL.exe /c /Zi /nologo /W3 /WX- /sdl /O2 /Oi /D NDEBUG /D _CONSOLE /D _MBCS /Gm- /EHsc /MD /GS /Gy /fp:precise /Zc:wchar_t /Zc:forScope /Fo"x64\Release\\" /Fd"x64\Release\vc120.pdb" /Gd /TP /errorReport:prompt maskdetect_caffe.cpp
         maskdetect_caffe.cpp
     1>maskdetect_caffe.cpp(16): warning C4244: “初始化”: 从“double”转换到“float”，可能丢失数据
     1>maskdetect_caffe.cpp(21): warning C4244: “初始化”: 从“double”转换到“float”，可能丢失数据
     1>maskdetect_caffe.cpp(35): warning C4244: “初始化”: 从“double”转换到“float”，可能丢失数据
     1>maskdetect_caffe.cpp(36): warning C4244: “参数”: 从“double”转换到“float”，可能丢失数据
     1>maskdetect_caffe.cpp(37): warning C4244: “参数”: 从“double”转换到“float”，可能丢失数据
     1>maskdetect_caffe.cpp(38): warning C4244: “参数”: 从“double”转换到“float”，可能丢失数据
     1>maskdetect_caffe.cpp(39): warning C4244: “参数”: 从“double”转换到“float”，可能丢失数据
     1>maskdetect_caffe.cpp(44): warning C4244: “初始化”: 从“double”转换到“float”，可能丢失数据
     1>maskdetect_caffe.cpp(48): warning C4244: “参数”: 从“double”转换到“float”，可能丢失数据
     1>maskdetect_caffe.cpp(49): warning C4244: “参数”: 从“double”转换到“float”，可能丢失数据
     1>maskdetect_caffe.cpp(50): warning C4244: “参数”: 从“double”转换到“float”，可能丢失数据
     1>maskdetect_caffe.cpp(51): warning C4244: “参数”: 从“double”转换到“float”，可能丢失数据
     1>maskdetect_caffe.cpp(65): warning C4267: “初始化”: 从“size_t”转换到“int”，可能丢失数据
     1>maskdetect_caffe.cpp(81): warning C4305: “初始化”: 从“double”到“float”截断
     1>maskdetect_caffe.cpp(176): warning C4305: “初始化”: 从“double”到“float”截断
     1>maskdetect_caffe.cpp(205): warning C4305: “参数”: 从“double”到“float”截断
     1>maskdetect_caffe.cpp(212): warning C4305: “参数”: 从“double”到“float”截断
     1>maskdetect_caffe.cpp(213): warning C4305: “参数”: 从“double”到“float”截断
     1>maskdetect_caffe.cpp(223): warning C4305: “参数”: 从“double”到“float”截断
     1>maskdetect_caffe.cpp(224): warning C4305: “参数”: 从“double”到“float”截断
     1>maskdetect_caffe.cpp(244): warning C4267: “参数”: 从“size_t”转换到“int”，可能丢失数据
     1>maskdetect_caffe.cpp(245): warning C4101: “res”: 未引用的局部变量
       Link:
         D:\VS2013\VC\bin\x86_amd64\link.exe /ERRORREPORT:PROMPT /OUT:"D:\VS2019\Projects\maskdetect_caffe\x64\Release\maskdetect_caffe.exe" /INCREMENTAL:NO /NOLOGO opencv_calib3d340.lib opencv_core340.lib opencv_dnn340.lib opencv_features2d340.lib opencv_flann340.lib opencv_highgui340.lib opencv_imgcodecs340.lib opencv_imgproc340.lib opencv_ml340.lib opencv_objdetect340.lib opencv_photo340.lib opencv_shape340.lib opencv_stitching340.lib opencv_superres340.lib opencv_video340.lib opencv_videoio340.lib opencv_videostab340.lib kernel32.lib user32.lib gdi32.lib winspool.lib comdlg32.lib advapi32.lib shell32.lib ole32.lib oleaut32.lib uuid.lib odbc32.lib odbccp32.lib /MANIFEST /MANIFESTUAC:"level='asInvoker' uiAccess='false'" /manifest:embed /DEBUG /PDB:"D:\VS2019\Projects\maskdetect_caffe\x64\Release\maskdetect_caffe.pdb" /SUBSYSTEM:CONSOLE /OPT:REF /OPT:ICF /TLBID:1 /DYNAMICBASE /NXCOMPAT /IMPLIB:"D:\VS2019\Projects\maskdetect_caffe\x64\Release\maskdetect_caffe.lib" /MACHINE:X64 x64\Release\maskdetect_caffe.obj
         maskdetect_caffe.vcxproj -> D:\VS2019\Projects\maskdetect_caffe\x64\Release\maskdetect_caffe.exe
     1>已完成生成项目“D:\VS2019\Projects\maskdetect_caffe\maskdetect_caffe\maskdetect_caffe.vcxproj”(Build 个目标)的操作。

生成成功。

已用时间 00:00:01.88
